<?xml version="1.0" encoding="UTF-8"?>
<!-- Generated by org.testng.reporters.JUnitReportReporter -->
<testsuite skipped="0" hostname="IND-5CG0259CMH" name="com.searchmodule.tests.SearchTest" tests="4" failures="0" timestamp="03 Jul 2021 17:59:10 GMT" time="28.645" errors="0">
  <testcase name="search" time="7.587" classname="com.searchmodule.tests.SearchTest"/>
  <testcase name="search" time="6.291" classname="com.searchmodule.tests.SearchTest"/>
  <testcase name="search" time="7.165" classname="com.searchmodule.tests.SearchTest"/>
  <testcase name="search" time="7.602" classname="com.searchmodule.tests.SearchTest"/>
</testsuite> <!-- com.searchmodule.tests.SearchTest -->
