<?xml version="1.0" encoding="UTF-8"?>
<!-- Generated by org.testng.reporters.JUnitReportReporter -->
<testsuite skipped="0" hostname="IND-5CG0259CMH" name="com.newtours.tests.BookFlightTest" tests="20" failures="0" timestamp="27 Jun 2021 14:47:17 GMT" time="170.502" errors="0">
  <testcase name="findFlightPage" time="1.317" classname="com.newtours.tests.BookFlightTest"/>
  <testcase name="flightConfirmationPage" time="0.854" classname="com.newtours.tests.BookFlightTest"/>
  <testcase name="findFlightPage" time="1.064" classname="com.newtours.tests.BookFlightTest"/>
  <testcase name="flightDetailsPage" time="2.615" classname="com.newtours.tests.BookFlightTest"/>
  <testcase name="registrationConfirmationPage" time="0.417" classname="com.newtours.tests.BookFlightTest"/>
  <testcase name="flightConfirmationPage" time="0.575" classname="com.newtours.tests.BookFlightTest"/>
  <testcase name="registrationPage" time="29.027" classname="com.newtours.tests.BookFlightTest"/>
  <testcase name="findFlightPage" time="1.125" classname="com.newtours.tests.BookFlightTest"/>
  <testcase name="registrationConfirmationPage" time="0.430" classname="com.newtours.tests.BookFlightTest"/>
  <testcase name="registrationConfirmationPage" time="0.472" classname="com.newtours.tests.BookFlightTest"/>
  <testcase name="registrationPage" time="33.529" classname="com.newtours.tests.BookFlightTest"/>
  <testcase name="registrationConfirmationPage" time="0.362" classname="com.newtours.tests.BookFlightTest"/>
  <testcase name="flightConfirmationPage" time="0.819" classname="com.newtours.tests.BookFlightTest"/>
  <testcase name="flightDetailsPage" time="2.522" classname="com.newtours.tests.BookFlightTest"/>
  <testcase name="findFlightPage" time="1.133" classname="com.newtours.tests.BookFlightTest"/>
  <testcase name="registrationPage" time="43.097" classname="com.newtours.tests.BookFlightTest"/>
  <testcase name="flightConfirmationPage" time="0.840" classname="com.newtours.tests.BookFlightTest"/>
  <testcase name="registrationPage" time="45.300" classname="com.newtours.tests.BookFlightTest"/>
  <testcase name="flightDetailsPage" time="2.541" classname="com.newtours.tests.BookFlightTest"/>
  <testcase name="flightDetailsPage" time="2.463" classname="com.newtours.tests.BookFlightTest"/>
</testsuite> <!-- com.newtours.tests.BookFlightTest -->
